<?xml version="1.0" encoding="UTF-8"?>
<!-- Generated by org.testng.reporters.JUnitReportReporter -->
<testsuite hostname="DESKTOP-B0DD0C2" failures="0" tests="5" name="TestScript.ProductPageTest" time="59.516" errors="0" timestamp="2024-09-06T07:06:11 IST" skipped="0">
  <testcase classname="TestScript.ProductPageTest" name="ProductPageValidation" time="20.135"/>
  <testcase classname="TestScript.ProductPageTest" name="validatePrizeSection" time="14.137"/>
  <testcase classname="TestScript.ProductPageTest" name="validateISProductDisplayed" time="10.561"/>
  <testcase classname="TestScript.ProductPageTest" name="validateAddToCart" time="7.149"/>
  <testcase classname="TestScript.ProductPageTest" name="addProductToCart" time="7.534"/>
</testsuite> <!-- TestScript.ProductPageTest -->
