<?xml version="1.0" encoding="UTF-8"?>
<!-- Generated by org.testng.reporters.JUnitReportReporter -->
<testsuite hostname="DESKTOP-B0DD0C2" failures="0" tests="1" name="TestScript.LoginPageTest" time="12.617" errors="0" timestamp="2024-08-22T17:32:46 IST" skipped="0">
  <testcase classname="TestScript.LoginPageTest" name="validateLoginPage_Labels" time="12.617"/>
</testsuite> <!-- TestScript.LoginPageTest -->
