<?xml version="1.0" encoding="UTF-8"?>
<!-- Generated by org.testng.reporters.JUnitReportReporter -->
<testsuite hostname="DESKTOP-B0DD0C2" failures="0" tests="1" name="TestScript.ProductPageTest" time="8.610" errors="0" timestamp="2024-08-22T06:20:42 IST" skipped="0">
  <testcase classname="TestScript.ProductPageTest" name="ProductPageValidation" time="8.610"/>
</testsuite> <!-- TestScript.ProductPageTest -->
