<?xml version="1.0" encoding="UTF-8"?>
<!-- Generated by org.testng.reporters.JUnitReportReporter -->
<testsuite hostname="DESKTOP-B0DD0C2" failures="0" tests="2" name="TestScript.CartPageTest" time="25.279" errors="0" timestamp="2024-08-22T17:32:46 IST" skipped="0">
  <testcase classname="TestScript.CartPageTest" name="validateProductAddedToCart" time="13.044"/>
  <testcase classname="TestScript.CartPageTest" name="validateContinueShoppingFunctionality" time="12.235"/>
</testsuite> <!-- TestScript.CartPageTest -->
