<?xml version="1.0" encoding="UTF-8"?>
<!-- Generated by org.testng.reporters.JUnitReportReporter -->
<testsuite hostname="DESKTOP-B0DD0C2" failures="0" tests="3" name="TestScript.CartPageTest" time="85.237" errors="0" timestamp="2024-08-22T17:47:37 IST" skipped="0">
  <testcase classname="TestScript.CartPageTest" name="validateProductAddedToCart" time="28.393"/>
  <testcase classname="TestScript.CartPageTest" name="ValidateCheckoutFunctionality" time="30.267"/>
  <testcase classname="TestScript.CartPageTest" name="validateContinueShoppingFunctionality" time="26.577"/>
</testsuite> <!-- TestScript.CartPageTest -->
