<?xml version="1.0" encoding="UTF-8"?>
<!-- Generated by org.testng.reporters.JUnitReportReporter -->
<testsuite hostname="DESKTOP-B0DD0C2" failures="0" tests="5" name="TestScript.ProductPageTest" time="144.597" errors="0" timestamp="2024-08-22T17:47:37 IST" skipped="0">
  <testcase classname="TestScript.ProductPageTest" name="ProductPageValidation" time="36.080"/>
  <testcase classname="TestScript.ProductPageTest" name="validatePrizeSection" time="29.892"/>
  <testcase classname="TestScript.ProductPageTest" name="validateISProductDisplayed" time="29.210"/>
  <testcase classname="TestScript.ProductPageTest" name="validateAddToCart" time="21.975"/>
  <testcase classname="TestScript.ProductPageTest" name="addProductToCart" time="27.440"/>
</testsuite> <!-- TestScript.ProductPageTest -->
