<?xml version="1.0" encoding="UTF-8"?>
<!-- Generated by org.testng.reporters.JUnitReportReporter -->
<testsuite hostname="DESKTOP-B0DD0C2" failures="0" tests="1" name="TestScript.ProductPageTest" time="7.927" errors="0" timestamp="2024-08-21T23:43:27 IST" skipped="0">
  <testcase classname="TestScript.ProductPageTest" name="validateLoginPage_Labels" time="7.927"/>
</testsuite> <!-- TestScript.ProductPageTest -->
