<?xml version="1.0" encoding="UTF-8"?>
<!-- Generated by org.testng.reporters.JUnitReportReporter -->
<testsuite hostname="DESKTOP-B0DD0C2" failures="0" tests="2" name="TestScript.ProductPageTest" time="25.271" errors="0" timestamp="2024-08-22T17:32:46 IST" skipped="0">
  <testcase classname="TestScript.ProductPageTest" name="validatePrizeSection" time="12.833"/>
  <testcase classname="TestScript.ProductPageTest" name="validateAddToCart" time="12.438"/>
</testsuite> <!-- TestScript.ProductPageTest -->
