<?xml version="1.0" encoding="UTF-8"?>
<!-- Generated by org.testng.reporters.JUnitReportReporter -->
<testsuite hostname="DESKTOP-B0DD0C2" failures="0" tests="3" name="TestScript.CartPageTest" time="46.945" errors="0" timestamp="2024-09-06T07:06:11 IST" skipped="0">
  <testcase classname="TestScript.CartPageTest" name="validateProductAddedToCart" time="9.187"/>
  <testcase classname="TestScript.CartPageTest" name="ValidateCheckoutFunctionality" time="18.339"/>
  <testcase classname="TestScript.CartPageTest" name="validateContinueShoppingFunctionality" time="19.419"/>
</testsuite> <!-- TestScript.CartPageTest -->
